2017-12-21 9:02:59 - PHP Notice:  Undefined variable: modules in D:\usr\www\opencart\catalog\view\theme\default\template\common\home.tpl on line 1062
2017-12-21 9:02:59 - PHP Warning:  Invalid argument supplied for foreach() in D:\usr\www\opencart\catalog\view\theme\default\template\common\home.tpl on line 1062
2017-12-21 10:18:22 - PHP Notice:  Undefined variable: categories in D:\usr\www\opencart\catalog\view\theme\default\template\common\home.tpl on line 201
2017-12-21 10:22:40 - PHP Notice:  Undefined variable: categories in D:\usr\www\opencart\catalog\view\theme\default\template\common\home.tpl on line 201
2017-12-21 10:24:25 - PHP Notice:  Undefined variable: categories in D:\usr\www\opencart\catalog\view\theme\default\template\common\home.tpl on line 201
2017-12-21 10:26:48 - PHP Notice:  Undefined variable: categories in D:\usr\www\opencart\catalog\view\theme\default\template\common\home.tpl on line 201
2017-12-21 10:29:25 - PHP Notice:  Undefined variable: categories in D:\usr\www\opencart\catalog\view\theme\default\template\common\home.tpl on line 201
2017-12-21 10:29:33 - PHP Notice:  Undefined variable: categories in D:\usr\www\opencart\catalog\view\theme\default\template\common\home.tpl on line 201
2017-12-21 10:33:06 - PHP Notice:  Undefined variable: categories in D:\usr\www\opencart\catalog\view\theme\default\template\common\home.tpl on line 201
2017-12-21 10:38:35 - PHP Notice:  Undefined variable: categories in D:\usr\www\opencart\catalog\view\theme\default\template\common\home.tpl on line 201
2017-12-21 10:39:39 - PHP Notice:  Undefined variable: categories in D:\usr\www\opencart\catalog\view\theme\default\template\common\home.tpl on line 201
2017-12-21 12:08:31 - PHP Notice:  Undefined variable: categories in D:\usr\www\opencart\catalog\view\theme\default\template\common\home.tpl on line 457
2017-12-22 9:02:17 - PHP Notice:  Undefined variable: header in D:\usr\www\bycicles\catalog\view\theme\default\template\common\header.tpl on line 185
2017-12-22 9:02:33 - PHP Notice:  Undefined variable: header in D:\usr\www\bycicles\catalog\view\theme\default\template\common\header.tpl on line 185
2017-12-22 10:05:03 - PHP Notice:  Undefined variable: categories in D:\usr\www\bycicles\catalog\view\theme\default\template\common\footer.tpl on line 202
2017-12-22 10:05:04 - PHP Notice:  Undefined variable: categories in D:\usr\www\bycicles\catalog\view\theme\default\template\common\footer.tpl on line 202
2017-12-22 10:07:45 - PHP Notice:  Undefined variable: categories in D:\usr\www\bycicles\catalog\view\theme\default\template\common\footer.tpl on line 202
2017-12-22 10:08:28 - PHP Notice:  Undefined variable: categories in D:\usr\www\bycicles\catalog\view\theme\default\template\common\footer.tpl on line 202
2017-12-22 10:09:03 - PHP Notice:  Undefined variable: categories in D:\usr\www\bycicles\catalog\view\theme\default\template\common\footer.tpl on line 202
2017-12-22 10:09:06 - PHP Notice:  Undefined variable: categories in D:\usr\www\bycicles\catalog\view\theme\default\template\common\footer.tpl on line 202
2017-12-22 10:09:07 - PHP Notice:  Undefined variable: categories in D:\usr\www\bycicles\catalog\view\theme\default\template\common\footer.tpl on line 202
2017-12-22 10:09:07 - PHP Notice:  Undefined variable: categories in D:\usr\www\bycicles\catalog\view\theme\default\template\common\footer.tpl on line 202
2017-12-22 10:09:18 - PHP Notice:  Undefined variable: categories in D:\usr\www\bycicles\catalog\view\theme\default\template\common\footer.tpl on line 202
2017-12-22 10:09:28 - PHP Notice:  Undefined variable: categories in D:\usr\www\bycicles\catalog\view\theme\default\template\common\footer.tpl on line 202
2017-12-22 10:09:30 - PHP Notice:  Undefined variable: categories in D:\usr\www\bycicles\catalog\view\theme\default\template\common\footer.tpl on line 202
2017-12-22 10:09:55 - PHP Notice:  Undefined variable: categories in D:\usr\www\bycicles\catalog\view\theme\default\template\common\footer.tpl on line 202
2017-12-22 10:22:57 - PHP Notice:  Undefined variable: categories in D:\usr\www\bycicles\catalog\view\theme\default\template\common\footer.tpl on line 213
2017-12-22 10:24:51 - PHP Notice:  Undefined variable: categories in D:\usr\www\bycicles\catalog\view\theme\default\template\common\footer.tpl on line 213
2017-12-22 10:26:18 - PHP Notice:  Undefined variable: categories in D:\usr\www\bycicles\catalog\view\theme\default\template\common\home.tpl on line 106
2017-12-22 10:26:56 - PHP Notice:  Undefined variable: categories in D:\usr\www\bycicles\catalog\view\theme\default\template\common\home.tpl on line 106
2017-12-22 10:27:52 - PHP Notice:  Undefined variable: categories in D:\usr\www\bycicles\catalog\view\theme\default\template\common\home.tpl on line 108
2017-12-22 10:28:51 - PHP Notice:  Undefined variable: categories in D:\usr\www\bycicles\catalog\view\theme\default\template\common\home.tpl on line 108
2017-12-22 10:41:56 - PHP Notice:  Undefined variable: categories in D:\usr\www\bycicles\catalog\view\theme\default\template\common\home.tpl on line 108
2017-12-22 11:48:35 - PHP Notice:  Undefined variable: categories in D:\usr\www\bycicles\catalog\view\theme\default\template\common\home.tpl on line 108
2017-12-22 14:22:12 - PHP Notice:  Undefined variable: categories in D:\usr\www\bycicles\catalog\view\theme\default\template\common\home.tpl on line 108
2017-12-26 13:12:03 - PHP Notice:  Undefined variable: contact in D:\usr\www\bycicles\catalog\view\theme\default\template\common\header.tpl on line 44
2017-12-26 13:12:03 - PHP Notice:  Undefined variable: text_contact in D:\usr\www\bycicles\catalog\view\theme\default\template\common\header.tpl on line 44
2017-12-26 13:33:22 - PHP Notice:  Undefined variable: text_contact in D:\usr\www\bycicles\catalog\view\theme\default\template\common\header.tpl on line 44
2017-12-28 9:06:24 - PHP Warning:  mysql_query(): Unable to save result set in D:\usr\www\bycicles\system\database\mysql.php on line 22
2017-12-28 9:06:24 - PHP Notice:  Error: Got error 28 from storage engine<br />Error No: 1030<br />SELECT p.*, pd.*,  m.name as 'm_name' FROM product p LEFT JOIN product_description pd ON (p.product_id = pd.product_id) LEFT JOIN manufacturer m ON (p.manufacturer_id = m.manufacturer_id) WHERE pd.language_id = '1' GROUP BY p.product_id ORDER BY pd.name ASC LIMIT 0,20 in D:\usr\www\bycicles\system\database\mysql.php on line 50
2017-12-28 9:06:51 - PHP Warning:  mysql_query(): Unable to save result set in D:\usr\www\bycicles\system\database\mysql.php on line 22
2017-12-28 9:06:51 - PHP Notice:  Error: Got error 28 from storage engine<br />Error No: 1030<br />SELECT p.*, pd.*,  m.name as 'm_name' FROM product p LEFT JOIN product_description pd ON (p.product_id = pd.product_id) LEFT JOIN manufacturer m ON (p.manufacturer_id = m.manufacturer_id) WHERE pd.language_id = '1' GROUP BY p.product_id ORDER BY pd.name ASC LIMIT 0,20 in D:\usr\www\bycicles\system\database\mysql.php on line 50
2017-12-28 10:30:47 - PHP Notice:  Undefined variable: banner in D:\usr\www\bycicles\catalog\view\theme\default\template\module\slideshow.tpl on line 51
2017-12-28 11:42:36 - PHP Notice:  Undefined variable: banner in D:\usr\www\bycicles\catalog\view\theme\default\template\module\slideshow.tpl on line 52
2017-12-28 12:00:57 - PHP Notice:  Undefined index: link in D:\usr\www\bycicles\catalog\view\theme\default\template\module\slideshow.tpl on line 50
2017-12-28 12:00:57 - PHP Notice:  Undefined index: image in D:\usr\www\bycicles\catalog\view\theme\default\template\module\slideshow.tpl on line 52
2017-12-28 12:01:18 - PHP Notice:  Undefined variable: banner in D:\usr\www\bycicles\catalog\view\theme\default\template\module\slideshow.tpl on line 44
2017-12-28 12:01:18 - PHP Notice:  Undefined index: link in D:\usr\www\bycicles\catalog\view\theme\default\template\module\slideshow.tpl on line 50
2017-12-28 12:01:18 - PHP Notice:  Undefined index: image in D:\usr\www\bycicles\catalog\view\theme\default\template\module\slideshow.tpl on line 52
2017-12-28 12:01:18 - PHP Notice:  Undefined variable: banner in D:\usr\www\bycicles\catalog\view\theme\default\template\module\slideshow.tpl on line 52
2017-12-28 12:21:06 - PHP Notice:  Undefined variable: product in D:\usr\www\bycicles\catalog\view\theme\default\template\module\slideshow.tpl on line 68
2017-12-28 12:21:29 - PHP Notice:  Undefined variable: product in D:\usr\www\bycicles\catalog\view\theme\default\template\module\slideshow.tpl on line 68
2017-12-28 13:32:20 - PHP Notice:  Undefined index: title in D:\usr\www\bycicles\catalog\controller\module\slideshow.php on line 28
2017-12-28 13:32:20 - PHP Notice:  Undefined index: title in D:\usr\www\bycicles\catalog\controller\module\carousel.php on line 27
2017-12-28 13:32:20 - PHP Notice:  Undefined index: title in D:\usr\www\bycicles\catalog\controller\module\carousel.php on line 27
2017-12-28 13:32:20 - PHP Notice:  Undefined index: title in D:\usr\www\bycicles\catalog\controller\module\carousel.php on line 27
2017-12-28 13:32:20 - PHP Notice:  Undefined index: title in D:\usr\www\bycicles\catalog\controller\module\carousel.php on line 27
2017-12-28 13:32:20 - PHP Notice:  Undefined index: title in D:\usr\www\bycicles\catalog\controller\module\carousel.php on line 27
2017-12-28 13:32:20 - PHP Notice:  Undefined index: title in D:\usr\www\bycicles\catalog\controller\module\carousel.php on line 27
2017-12-28 13:42:12 - PHP Notice:  Error: Unknown table 'bir'<br />Error No: 1051<br />SELECT bir.*, bid.*, p.price FROM banner_image bi LEFT JOIN banner_image_description bid ON (bi.banner_image_id  = bid.banner_image_id),product p WHERE bi.banner_id = '7' AND bid.language_id = '1' in D:\usr\www\bycicles\system\database\mysql.php on line 50
2017-12-28 13:44:57 - PHP Unknown:  Object of class stdClass could not be converted to string in D:\usr\www\bycicles\catalog\model\design\banner.php on line 7
2017-12-28 13:44:57 - PHP Unknown:  Object of class stdClass could not be converted to string in D:\usr\www\bycicles\catalog\model\design\banner.php on line 7
2017-12-28 13:49:20 - PHP Notice:  Error: You have an error in your SQL syntax; check the manual that corresponds to your MySQL server version for the right syntax to use near 'LEFT JOIN product p WHERE bi.banner_id = '7' on p.product_id = 7 AND bid.languag' at line 1<br />Error No: 1064<br />SELECT bi.*, bid.*, p.price FROM banner_image bi LEFT JOIN banner_image_description bid ON (bi.banner_image_id  = bid.banner_image_id),LEFT JOIN product p WHERE bi.banner_id = '7' on p.product_id = 7 AND bid.language_id = '1' in D:\usr\www\bycicles\system\database\mysql.php on line 50
2017-12-28 13:50:11 - PHP Notice:  Error: You have an error in your SQL syntax; check the manual that corresponds to your MySQL server version for the right syntax to use near 'LEFT JOIN product p  on p.product_id = 7 WHERE bi.banner_id = '7' AND bid.langua' at line 1<br />Error No: 1064<br />SELECT bi.*, bid.*, p.price FROM banner_image bi LEFT JOIN banner_image_description bid ON (bi.banner_image_id  = bid.banner_image_id),LEFT JOIN product p  on p.product_id = 7 WHERE bi.banner_id = '7' AND bid.language_id = '1' in D:\usr\www\bycicles\system\database\mysql.php on line 50
2017-12-28 14:05:31 - PHP Notice:  Error: Column 'product_id' in on clause is ambiguous<br />Error No: 1052<br />SELECT bi.*, bid.*, p.price FROM banner_image bi LEFT JOIN banner_image_description bid ON (bi.banner_image_id  = bid.banner_image_id)
		LEFT JOIN product p ON (p.product_id  = product_id)
		WHERE bi.banner_id = '7' AND bid.language_id = '1' in D:\usr\www\bycicles\system\database\mysql.php on line 50
2017-12-28 14:06:13 - PHP Notice:  Error: Unknown column 'bid.product_id' in 'on clause'<br />Error No: 1054<br />SELECT bi.*, bid.*, p.price FROM banner_image bi LEFT JOIN banner_image_description bid ON (bi.banner_image_id  = bid.banner_image_id)
		LEFT JOIN product p ON (p.product_id  = bid.product_id)
		WHERE bi.banner_id = '7' AND bid.language_id = '1' in D:\usr\www\bycicles\system\database\mysql.php on line 50
2017-12-28 14:14:19 - PHP Notice:  Undefined index: price in D:\usr\www\bycicles\catalog\view\theme\default\template\module\slideshow.tpl on line 47
2017-12-28 14:15:16 - PHP Notice:  Undefined index: price in D:\usr\www\bycicles\catalog\view\theme\default\template\module\slideshow.tpl on line 47
2017-12-28 14:15:38 - PHP Notice:  Undefined variable: query_txt in D:\usr\www\bycicles\catalog\model\design\banner.php on line 14
2017-12-28 14:15:38 - PHP Notice:  Error: Query was empty<br />Error No: 1065<br /> in D:\usr\www\bycicles\system\database\mysql.php on line 50
2017-12-28 14:16:01 - PHP Notice:  Undefined index: price in D:\usr\www\bycicles\catalog\view\theme\default\template\module\slideshow.tpl on line 47
2017-12-28 14:16:08 - PHP Notice:  Undefined index: price in D:\usr\www\bycicles\catalog\view\theme\default\template\module\slideshow.tpl on line 47
2017-12-28 14:21:23 - PHP Notice:  Undefined index: price in D:\usr\www\bycicles\catalog\view\theme\default\template\module\slideshow.tpl on line 47
2017-12-28 14:21:53 - PHP Notice:  Undefined index: price in D:\usr\www\bycicles\catalog\view\theme\default\template\module\slideshow.tpl on line 47
2017-12-28 14:22:50 - PHP Notice:  Undefined index: price in D:\usr\www\bycicles\catalog\view\theme\default\template\module\slideshow.tpl on line 47
2017-12-28 14:24:00 - PHP Notice:  Undefined index: price in D:\usr\www\bycicles\catalog\view\theme\default\template\module\slideshow.tpl on line 47
2017-12-28 14:24:02 - PHP Notice:  Undefined index: price in D:\usr\www\bycicles\catalog\view\theme\default\template\module\slideshow.tpl on line 47
2017-12-28 14:24:27 - PHP Notice:  Undefined index: price in D:\usr\www\bycicles\catalog\view\theme\default\template\module\slideshow.tpl on line 47
2017-12-28 14:24:29 - PHP Notice:  Undefined index: price in D:\usr\www\bycicles\catalog\view\theme\default\template\module\slideshow.tpl on line 47
2017-12-28 14:24:29 - PHP Notice:  Undefined index: price in D:\usr\www\bycicles\catalog\view\theme\default\template\module\slideshow.tpl on line 47
2017-12-28 14:24:30 - PHP Notice:  Undefined index: price in D:\usr\www\bycicles\catalog\view\theme\default\template\module\slideshow.tpl on line 47
2017-12-28 14:24:30 - PHP Notice:  Undefined index: price in D:\usr\www\bycicles\catalog\view\theme\default\template\module\slideshow.tpl on line 47
2017-12-29 8:37:46 - PHP Notice:  Undefined variable: category in D:\usr\www\bycicles\catalog\view\theme\default\template\product\category.tpl on line 58
2017-12-29 8:37:46 - PHP Notice:  Undefined variable: category in D:\usr\www\bycicles\catalog\view\theme\default\template\product\category.tpl on line 60
2017-12-29 8:37:46 - PHP Notice:  Undefined variable: category in D:\usr\www\bycicles\catalog\view\theme\default\template\product\category.tpl on line 60
2017-12-29 8:37:46 - PHP Notice:  Undefined variable: category in D:\usr\www\bycicles\catalog\view\theme\default\template\product\category.tpl on line 62
2017-12-29 8:37:46 - PHP Notice:  Undefined variable: category in D:\usr\www\bycicles\catalog\view\theme\default\template\product\category.tpl on line 58
2017-12-29 8:37:46 - PHP Notice:  Undefined variable: category in D:\usr\www\bycicles\catalog\view\theme\default\template\product\category.tpl on line 60
2017-12-29 8:37:46 - PHP Notice:  Undefined variable: category in D:\usr\www\bycicles\catalog\view\theme\default\template\product\category.tpl on line 60
2017-12-29 8:37:46 - PHP Notice:  Undefined variable: category in D:\usr\www\bycicles\catalog\view\theme\default\template\product\category.tpl on line 62
2017-12-29 8:37:46 - PHP Notice:  Undefined variable: category in D:\usr\www\bycicles\catalog\view\theme\default\template\product\category.tpl on line 58
2017-12-29 8:37:46 - PHP Notice:  Undefined variable: category in D:\usr\www\bycicles\catalog\view\theme\default\template\product\category.tpl on line 60
2017-12-29 8:37:46 - PHP Notice:  Undefined variable: category in D:\usr\www\bycicles\catalog\view\theme\default\template\product\category.tpl on line 60
2017-12-29 8:37:46 - PHP Notice:  Undefined variable: category in D:\usr\www\bycicles\catalog\view\theme\default\template\product\category.tpl on line 62
2017-12-29 8:37:46 - PHP Notice:  Undefined variable: category in D:\usr\www\bycicles\catalog\view\theme\default\template\product\category.tpl on line 58
2017-12-29 8:37:46 - PHP Notice:  Undefined variable: category in D:\usr\www\bycicles\catalog\view\theme\default\template\product\category.tpl on line 60
2017-12-29 8:37:46 - PHP Notice:  Undefined variable: category in D:\usr\www\bycicles\catalog\view\theme\default\template\product\category.tpl on line 60
2017-12-29 8:37:46 - PHP Notice:  Undefined variable: category in D:\usr\www\bycicles\catalog\view\theme\default\template\product\category.tpl on line 62
2017-12-29 8:37:46 - PHP Notice:  Undefined variable: category in D:\usr\www\bycicles\catalog\view\theme\default\template\product\category.tpl on line 58
2017-12-29 8:37:46 - PHP Notice:  Undefined variable: category in D:\usr\www\bycicles\catalog\view\theme\default\template\product\category.tpl on line 60
2017-12-29 8:37:46 - PHP Notice:  Undefined variable: category in D:\usr\www\bycicles\catalog\view\theme\default\template\product\category.tpl on line 60
2017-12-29 8:37:46 - PHP Notice:  Undefined variable: category in D:\usr\www\bycicles\catalog\view\theme\default\template\product\category.tpl on line 62
2017-12-29 8:37:46 - PHP Notice:  Undefined variable: category in D:\usr\www\bycicles\catalog\view\theme\default\template\product\category.tpl on line 58
2017-12-29 8:37:46 - PHP Notice:  Undefined variable: category in D:\usr\www\bycicles\catalog\view\theme\default\template\product\category.tpl on line 60
2017-12-29 8:37:46 - PHP Notice:  Undefined variable: category in D:\usr\www\bycicles\catalog\view\theme\default\template\product\category.tpl on line 60
2017-12-29 8:37:46 - PHP Notice:  Undefined variable: category in D:\usr\www\bycicles\catalog\view\theme\default\template\product\category.tpl on line 62
2017-12-29 8:37:46 - PHP Notice:  Undefined variable: category in D:\usr\www\bycicles\catalog\view\theme\default\template\product\category.tpl on line 58
2017-12-29 8:37:46 - PHP Notice:  Undefined variable: category in D:\usr\www\bycicles\catalog\view\theme\default\template\product\category.tpl on line 60
2017-12-29 8:37:46 - PHP Notice:  Undefined variable: category in D:\usr\www\bycicles\catalog\view\theme\default\template\product\category.tpl on line 60
2017-12-29 8:37:46 - PHP Notice:  Undefined variable: category in D:\usr\www\bycicles\catalog\view\theme\default\template\product\category.tpl on line 62
2017-12-29 8:37:46 - PHP Notice:  Undefined variable: category in D:\usr\www\bycicles\catalog\view\theme\default\template\product\category.tpl on line 58
2017-12-29 8:37:46 - PHP Notice:  Undefined variable: category in D:\usr\www\bycicles\catalog\view\theme\default\template\product\category.tpl on line 60
2017-12-29 8:37:46 - PHP Notice:  Undefined variable: category in D:\usr\www\bycicles\catalog\view\theme\default\template\product\category.tpl on line 60
2017-12-29 8:37:46 - PHP Notice:  Undefined variable: category in D:\usr\www\bycicles\catalog\view\theme\default\template\product\category.tpl on line 62
2017-12-29 8:38:45 - PHP Notice:  Undefined variable: category in D:\usr\www\bycicles\catalog\view\theme\default\template\product\category.tpl on line 58
2017-12-29 8:38:45 - PHP Notice:  Undefined variable: category in D:\usr\www\bycicles\catalog\view\theme\default\template\product\category.tpl on line 60
2017-12-29 8:38:45 - PHP Notice:  Undefined variable: category in D:\usr\www\bycicles\catalog\view\theme\default\template\product\category.tpl on line 60
2017-12-29 8:38:45 - PHP Notice:  Undefined variable: category in D:\usr\www\bycicles\catalog\view\theme\default\template\product\category.tpl on line 62
2017-12-29 8:38:45 - PHP Notice:  Undefined variable: category in D:\usr\www\bycicles\catalog\view\theme\default\template\product\category.tpl on line 58
2017-12-29 8:38:45 - PHP Notice:  Undefined variable: category in D:\usr\www\bycicles\catalog\view\theme\default\template\product\category.tpl on line 60
2017-12-29 8:38:45 - PHP Notice:  Undefined variable: category in D:\usr\www\bycicles\catalog\view\theme\default\template\product\category.tpl on line 60
2017-12-29 8:38:45 - PHP Notice:  Undefined variable: category in D:\usr\www\bycicles\catalog\view\theme\default\template\product\category.tpl on line 62
2017-12-29 8:38:45 - PHP Notice:  Undefined variable: category in D:\usr\www\bycicles\catalog\view\theme\default\template\product\category.tpl on line 58
2017-12-29 8:38:45 - PHP Notice:  Undefined variable: category in D:\usr\www\bycicles\catalog\view\theme\default\template\product\category.tpl on line 60
2017-12-29 8:38:45 - PHP Notice:  Undefined variable: category in D:\usr\www\bycicles\catalog\view\theme\default\template\product\category.tpl on line 60
2017-12-29 8:38:45 - PHP Notice:  Undefined variable: category in D:\usr\www\bycicles\catalog\view\theme\default\template\product\category.tpl on line 62
2017-12-29 8:38:45 - PHP Notice:  Undefined variable: category in D:\usr\www\bycicles\catalog\view\theme\default\template\product\category.tpl on line 58
2017-12-29 8:38:45 - PHP Notice:  Undefined variable: category in D:\usr\www\bycicles\catalog\view\theme\default\template\product\category.tpl on line 60
2017-12-29 8:38:45 - PHP Notice:  Undefined variable: category in D:\usr\www\bycicles\catalog\view\theme\default\template\product\category.tpl on line 60
2017-12-29 8:38:45 - PHP Notice:  Undefined variable: category in D:\usr\www\bycicles\catalog\view\theme\default\template\product\category.tpl on line 62
2017-12-29 8:38:45 - PHP Notice:  Undefined variable: category in D:\usr\www\bycicles\catalog\view\theme\default\template\product\category.tpl on line 58
2017-12-29 8:38:45 - PHP Notice:  Undefined variable: category in D:\usr\www\bycicles\catalog\view\theme\default\template\product\category.tpl on line 60
2017-12-29 8:38:45 - PHP Notice:  Undefined variable: category in D:\usr\www\bycicles\catalog\view\theme\default\template\product\category.tpl on line 60
2017-12-29 8:38:45 - PHP Notice:  Undefined variable: category in D:\usr\www\bycicles\catalog\view\theme\default\template\product\category.tpl on line 62
2017-12-29 8:38:45 - PHP Notice:  Undefined variable: category in D:\usr\www\bycicles\catalog\view\theme\default\template\product\category.tpl on line 58
2017-12-29 8:38:45 - PHP Notice:  Undefined variable: category in D:\usr\www\bycicles\catalog\view\theme\default\template\product\category.tpl on line 60
2017-12-29 8:38:45 - PHP Notice:  Undefined variable: category in D:\usr\www\bycicles\catalog\view\theme\default\template\product\category.tpl on line 60
2017-12-29 8:38:45 - PHP Notice:  Undefined variable: category in D:\usr\www\bycicles\catalog\view\theme\default\template\product\category.tpl on line 62
2017-12-29 8:38:45 - PHP Notice:  Undefined variable: category in D:\usr\www\bycicles\catalog\view\theme\default\template\product\category.tpl on line 58
2017-12-29 8:38:45 - PHP Notice:  Undefined variable: category in D:\usr\www\bycicles\catalog\view\theme\default\template\product\category.tpl on line 60
2017-12-29 8:38:45 - PHP Notice:  Undefined variable: category in D:\usr\www\bycicles\catalog\view\theme\default\template\product\category.tpl on line 60
2017-12-29 8:38:45 - PHP Notice:  Undefined variable: category in D:\usr\www\bycicles\catalog\view\theme\default\template\product\category.tpl on line 62
2017-12-29 8:38:45 - PHP Notice:  Undefined variable: category in D:\usr\www\bycicles\catalog\view\theme\default\template\product\category.tpl on line 58
2017-12-29 8:38:45 - PHP Notice:  Undefined variable: category in D:\usr\www\bycicles\catalog\view\theme\default\template\product\category.tpl on line 60
2017-12-29 8:38:45 - PHP Notice:  Undefined variable: category in D:\usr\www\bycicles\catalog\view\theme\default\template\product\category.tpl on line 60
2017-12-29 8:38:45 - PHP Notice:  Undefined variable: category in D:\usr\www\bycicles\catalog\view\theme\default\template\product\category.tpl on line 62
2017-12-29 12:06:21 - PHP Notice:  Undefined variable: header in D:\usr\www\bycicles\catalog\view\theme\default\template\module\latest.tpl on line 31
2017-12-29 12:06:21 - PHP Notice:  Undefined variable: content_top in D:\usr\www\bycicles\catalog\view\theme\default\template\module\latest.tpl on line 35
2017-12-29 12:06:21 - PHP Notice:  Undefined variable: breadcrumbs in D:\usr\www\bycicles\catalog\view\theme\default\template\module\latest.tpl on line 37
2017-12-29 12:06:21 - PHP Warning:  Invalid argument supplied for foreach() in D:\usr\www\bycicles\catalog\view\theme\default\template\module\latest.tpl on line 37
2017-12-29 12:06:21 - PHP Notice:  Undefined variable: thumb in D:\usr\www\bycicles\catalog\view\theme\default\template\module\latest.tpl on line 42
2017-12-29 12:06:21 - PHP Notice:  Undefined variable: description in D:\usr\www\bycicles\catalog\view\theme\default\template\module\latest.tpl on line 42
2017-12-29 12:06:21 - PHP Notice:  Undefined variable: categories in D:\usr\www\bycicles\catalog\view\theme\default\template\module\latest.tpl on line 52
2017-12-29 12:06:21 - PHP Notice:  Undefined variable: text_display in D:\usr\www\bycicles\catalog\view\theme\default\template\module\latest.tpl on line 73
2017-12-29 12:06:21 - PHP Notice:  Undefined variable: text_list in D:\usr\www\bycicles\catalog\view\theme\default\template\module\latest.tpl on line 73
2017-12-29 12:06:21 - PHP Notice:  Undefined variable: text_grid in D:\usr\www\bycicles\catalog\view\theme\default\template\module\latest.tpl on line 73
2017-12-29 12:06:21 - PHP Notice:  Undefined variable: text_limit in D:\usr\www\bycicles\catalog\view\theme\default\template\module\latest.tpl on line 74
2017-12-29 12:06:21 - PHP Notice:  Undefined variable: limits in D:\usr\www\bycicles\catalog\view\theme\default\template\module\latest.tpl on line 76
2017-12-29 12:06:21 - PHP Warning:  Invalid argument supplied for foreach() in D:\usr\www\bycicles\catalog\view\theme\default\template\module\latest.tpl on line 76
2017-12-29 12:06:21 - PHP Notice:  Undefined variable: compare in D:\usr\www\bycicles\catalog\view\theme\default\template\module\latest.tpl on line 85
2017-12-29 12:06:21 - PHP Notice:  Undefined variable: text_compare in D:\usr\www\bycicles\catalog\view\theme\default\template\module\latest.tpl on line 85
2017-12-29 12:06:21 - PHP Notice:  Undefined variable: text_sort in D:\usr\www\bycicles\catalog\view\theme\default\template\module\latest.tpl on line 86
2017-12-29 12:06:21 - PHP Notice:  Undefined variable: sorts in D:\usr\www\bycicles\catalog\view\theme\default\template\module\latest.tpl on line 88
2017-12-29 12:06:21 - PHP Warning:  Invalid argument supplied for foreach() in D:\usr\www\bycicles\catalog\view\theme\default\template\module\latest.tpl on line 88
2017-12-29 12:06:21 - PHP Notice:  Undefined index: description in D:\usr\www\bycicles\catalog\view\theme\default\template\module\latest.tpl on line 107
2017-12-29 12:06:21 - PHP Notice:  Undefined index: tax in D:\usr\www\bycicles\catalog\view\theme\default\template\module\latest.tpl on line 115
2017-12-29 12:06:21 - PHP Notice:  Undefined variable: button_wishlist in D:\usr\www\bycicles\catalog\view\theme\default\template\module\latest.tpl on line 127
2017-12-29 12:06:21 - PHP Notice:  Undefined variable: button_compare in D:\usr\www\bycicles\catalog\view\theme\default\template\module\latest.tpl on line 128
2017-12-29 12:06:21 - PHP Notice:  Undefined index: description in D:\usr\www\bycicles\catalog\view\theme\default\template\module\latest.tpl on line 107
2017-12-29 12:06:21 - PHP Notice:  Undefined index: tax in D:\usr\www\bycicles\catalog\view\theme\default\template\module\latest.tpl on line 115
2017-12-29 12:06:21 - PHP Notice:  Undefined variable: button_wishlist in D:\usr\www\bycicles\catalog\view\theme\default\template\module\latest.tpl on line 127
2017-12-29 12:06:21 - PHP Notice:  Undefined variable: button_compare in D:\usr\www\bycicles\catalog\view\theme\default\template\module\latest.tpl on line 128
2017-12-29 12:06:21 - PHP Notice:  Undefined index: description in D:\usr\www\bycicles\catalog\view\theme\default\template\module\latest.tpl on line 107
2017-12-29 12:06:21 - PHP Notice:  Undefined index: tax in D:\usr\www\bycicles\catalog\view\theme\default\template\module\latest.tpl on line 115
2017-12-29 12:06:21 - PHP Notice:  Undefined variable: button_wishlist in D:\usr\www\bycicles\catalog\view\theme\default\template\module\latest.tpl on line 127
2017-12-29 12:06:21 - PHP Notice:  Undefined variable: button_compare in D:\usr\www\bycicles\catalog\view\theme\default\template\module\latest.tpl on line 128
2017-12-29 12:06:21 - PHP Notice:  Undefined index: description in D:\usr\www\bycicles\catalog\view\theme\default\template\module\latest.tpl on line 107
2017-12-29 12:06:21 - PHP Notice:  Undefined index: tax in D:\usr\www\bycicles\catalog\view\theme\default\template\module\latest.tpl on line 115
2017-12-29 12:06:21 - PHP Notice:  Undefined variable: button_wishlist in D:\usr\www\bycicles\catalog\view\theme\default\template\module\latest.tpl on line 127
2017-12-29 12:06:21 - PHP Notice:  Undefined variable: button_compare in D:\usr\www\bycicles\catalog\view\theme\default\template\module\latest.tpl on line 128
2017-12-29 12:06:21 - PHP Notice:  Undefined index: description in D:\usr\www\bycicles\catalog\view\theme\default\template\module\latest.tpl on line 107
2017-12-29 12:06:21 - PHP Notice:  Undefined index: tax in D:\usr\www\bycicles\catalog\view\theme\default\template\module\latest.tpl on line 115
2017-12-29 12:06:21 - PHP Notice:  Undefined variable: button_wishlist in D:\usr\www\bycicles\catalog\view\theme\default\template\module\latest.tpl on line 127
2017-12-29 12:06:21 - PHP Notice:  Undefined variable: button_compare in D:\usr\www\bycicles\catalog\view\theme\default\template\module\latest.tpl on line 128
2017-12-29 12:06:21 - PHP Notice:  Undefined variable: pagination in D:\usr\www\bycicles\catalog\view\theme\default\template\module\latest.tpl on line 132
2017-12-29 12:06:21 - PHP Notice:  Undefined variable: categories in D:\usr\www\bycicles\catalog\view\theme\default\template\module\latest.tpl on line 134
2017-12-29 12:06:21 - PHP Notice:  Undefined variable: content_bottom in D:\usr\www\bycicles\catalog\view\theme\default\template\module\latest.tpl on line 140
2017-12-29 12:06:21 - PHP Notice:  Undefined variable: text_display in D:\usr\www\bycicles\catalog\view\theme\default\template\module\latest.tpl on line 183
2017-12-29 12:06:21 - PHP Notice:  Undefined variable: text_list in D:\usr\www\bycicles\catalog\view\theme\default\template\module\latest.tpl on line 183
2017-12-29 12:06:21 - PHP Notice:  Undefined variable: text_grid in D:\usr\www\bycicles\catalog\view\theme\default\template\module\latest.tpl on line 183
2017-12-29 12:06:21 - PHP Notice:  Undefined variable: text_display in D:\usr\www\bycicles\catalog\view\theme\default\template\module\latest.tpl on line 220
2017-12-29 12:06:21 - PHP Notice:  Undefined variable: text_list in D:\usr\www\bycicles\catalog\view\theme\default\template\module\latest.tpl on line 220
2017-12-29 12:06:21 - PHP Notice:  Undefined variable: text_grid in D:\usr\www\bycicles\catalog\view\theme\default\template\module\latest.tpl on line 220
2017-12-29 12:06:21 - PHP Notice:  Undefined variable: footer in D:\usr\www\bycicles\catalog\view\theme\default\template\module\latest.tpl on line 234
2017-12-29 12:11:23 - PHP Notice:  Undefined variable: content_top in D:\usr\www\bycicles\catalog\view\theme\default\template\module\bestseller.tpl on line 35
2017-12-29 12:11:23 - PHP Notice:  Undefined variable: breadcrumbs in D:\usr\www\bycicles\catalog\view\theme\default\template\module\bestseller.tpl on line 37
2017-12-29 12:11:23 - PHP Warning:  Invalid argument supplied for foreach() in D:\usr\www\bycicles\catalog\view\theme\default\template\module\bestseller.tpl on line 37
2017-12-29 12:11:23 - PHP Notice:  Undefined variable: thumb in D:\usr\www\bycicles\catalog\view\theme\default\template\module\bestseller.tpl on line 42
2017-12-29 12:11:23 - PHP Notice:  Undefined variable: description in D:\usr\www\bycicles\catalog\view\theme\default\template\module\bestseller.tpl on line 42
2017-12-29 12:11:23 - PHP Notice:  Undefined variable: categories in D:\usr\www\bycicles\catalog\view\theme\default\template\module\bestseller.tpl on line 52
2017-12-29 12:11:23 - PHP Notice:  Undefined variable: categories in D:\usr\www\bycicles\catalog\view\theme\default\template\module\bestseller.tpl on line 134
2017-12-29 12:11:23 - PHP Notice:  Undefined variable: text_empty in D:\usr\www\bycicles\catalog\view\theme\default\template\module\bestseller.tpl on line 135
2017-12-29 12:11:23 - PHP Notice:  Undefined variable: continue in D:\usr\www\bycicles\catalog\view\theme\default\template\module\bestseller.tpl on line 137
2017-12-29 12:11:23 - PHP Notice:  Undefined variable: button_continue in D:\usr\www\bycicles\catalog\view\theme\default\template\module\bestseller.tpl on line 137
2017-12-29 12:11:23 - PHP Notice:  Undefined variable: content_bottom in D:\usr\www\bycicles\catalog\view\theme\default\template\module\bestseller.tpl on line 140
2017-12-29 12:12:00 - PHP Notice:  Undefined variable: thumb in D:\usr\www\bycicles\catalog\view\theme\default\template\module\bestseller.tpl on line 37
2017-12-29 12:12:00 - PHP Notice:  Undefined variable: description in D:\usr\www\bycicles\catalog\view\theme\default\template\module\bestseller.tpl on line 37
2017-12-29 12:12:00 - PHP Notice:  Undefined variable: categories in D:\usr\www\bycicles\catalog\view\theme\default\template\module\bestseller.tpl on line 47
2017-12-29 12:12:00 - PHP Notice:  Undefined variable: categories in D:\usr\www\bycicles\catalog\view\theme\default\template\module\bestseller.tpl on line 129
2017-12-29 12:12:00 - PHP Notice:  Undefined variable: text_empty in D:\usr\www\bycicles\catalog\view\theme\default\template\module\bestseller.tpl on line 130
2017-12-29 12:12:00 - PHP Notice:  Undefined variable: continue in D:\usr\www\bycicles\catalog\view\theme\default\template\module\bestseller.tpl on line 132
2017-12-29 12:12:00 - PHP Notice:  Undefined variable: button_continue in D:\usr\www\bycicles\catalog\view\theme\default\template\module\bestseller.tpl on line 132
2017-12-29 12:12:00 - PHP Notice:  Undefined variable: content_bottom in D:\usr\www\bycicles\catalog\view\theme\default\template\module\bestseller.tpl on line 135
2017-12-29 12:52:27 - PHP Notice:  Undefined variable: entry_limit in D:\usr\www\bycicles\admin\view\template\module\maincategory.tpl on line 21
2017-12-29 12:52:27 - PHP Notice:  Undefined variable: entry_image in D:\usr\www\bycicles\admin\view\template\module\maincategory.tpl on line 22
2017-12-29 13:04:29 - PHP Notice:  Error: Could not load template D:\usr\www\bycicles/admin/view/template/module/mainmaincategory.tpl! in D:\usr\www\bycicles\system\engine\controller.php on line 70
2017-12-29 13:15:51 - PHP Notice:  Error: Could not load model catalog/MainCategory! in D:\usr\www\bycicles\system\engine\loader.php on line 48
2017-12-29 13:16:28 - PHP Notice:  Error: Could not load model catalog/MainCategory! in D:\usr\www\bycicles\system\engine\loader.php on line 48
